
2023/02/08 (18:46:57) | ===> btop++ v.1.2.13
2023/02/08 (18:46:57) | INFO: Logger set to INFO
2023/02/08 (18:46:57) | INFO: Logger set to DEBUG
2023/02/08 (18:47:01) | INFO: Logger set to INFO

2023/07/20 (14:09:47) | ===> btop++ v.1.2.13
2023/07/20 (14:09:47) | INFO: Logger set to INFO
2023/07/20 (14:09:49) | INFO: Logger set to DEBUG
2023/07/20 (14:09:51) | INFO: Logger set to INFO
2023/07/20 (14:09:52) | INFO: Logger set to DEBUG
2023/07/20 (14:09:55) | INFO: Logger set to INFO
2023/07/20 (14:09:56) | INFO: Logger set to DEBUG
2023/07/20 (14:14:00) | DEBUG: Writing new config file
2023/07/20 (14:14:00) | INFO: Quitting! Runtime: 00:07:15

2023/07/20 (14:14:02) | ===> btop++ v.1.2.13
2023/07/20 (14:14:02) | INFO: Logger set to DEBUG
2023/07/20 (14:14:02) | DEBUG: Using locale C.UTF-8
2023/07/20 (14:14:02) | INFO: Running on /dev/pts/3
2023/07/20 (14:14:02) | DEBUG: Loading theme file: /home/b33th0v3n/.config/btop/themes/catppuccin_macchiato.theme
2023/07/20 (14:16:43) | WARNING: Failed to get disk/partition stats for mount "/run/user/1000/doc" with statvfs64 error code: 1. Ignoring...
2023/07/20 (14:18:12) | DEBUG: Writing new config file
2023/07/20 (14:18:12) | INFO: Quitting! Runtime: 00:04:10

2023/07/20 (14:18:19) | ===> btop++ v.1.2.13
2023/07/20 (14:18:19) | INFO: Logger set to DEBUG
2023/07/20 (14:18:19) | DEBUG: Using locale C.UTF-8
2023/07/20 (14:18:19) | INFO: Running on /dev/pts/3
2023/07/20 (14:18:19) | WARNING: Failed to get disk/partition stats for mount "/run/user/1000/doc" with statvfs64 error code: 1. Ignoring...
2023/07/20 (14:18:19) | DEBUG: Loading theme file: /home/b33th0v3n/.config/btop/themes/catppuccin_macchiato.theme

2023/07/25 (15:16:46) | ===> btop++ v.1.2.13
2023/07/25 (15:16:46) | INFO: Logger set to DEBUG
2023/07/25 (15:16:46) | DEBUG: Using locale C.UTF-8
2023/07/25 (15:16:46) | INFO: Running on /dev/pts/5
2023/07/25 (15:16:46) | WARNING: Failed to get disk/partition stats for mount "/run/user/1000/doc" with statvfs64 error code: 1. Ignoring...
2023/07/25 (15:16:46) | DEBUG: Loading theme file: /home/b33th0v3n/.config/btop/themes/catppuccin_macchiato.theme

2023/07/28 (12:20:22) | ===> btop++ v.1.2.13
2023/07/28 (12:20:22) | INFO: Logger set to DEBUG
2023/07/28 (12:20:22) | DEBUG: Using locale C.UTF-8
2023/07/28 (12:20:22) | INFO: Running on /dev/pts/1
2023/07/28 (12:20:22) | WARNING: Failed to get disk/partition stats for mount "/run/user/1000/doc" with statvfs64 error code: 1. Ignoring...
2023/07/28 (12:20:22) | DEBUG: Loading theme file: /home/b33th0v3n/.config/btop/themes/catppuccin_macchiato.theme

2023/07/28 (12:22:39) | ===> btop++ v.1.2.13
2023/07/28 (12:22:39) | INFO: Logger set to DEBUG
2023/07/28 (12:22:39) | DEBUG: Using locale C.UTF-8
2023/07/28 (12:22:39) | INFO: Running on /dev/pts/0
2023/07/28 (12:22:39) | WARNING: Failed to get disk/partition stats for mount "/run/user/1000/doc" with statvfs64 error code: 1. Ignoring...
2023/07/28 (12:22:39) | DEBUG: Loading theme file: /home/b33th0v3n/.config/btop/themes/catppuccin_macchiato.theme
2023/07/28 (12:23:09) | DEBUG: Writing new config file
2023/07/28 (12:23:09) | INFO: Quitting! Runtime: 00:00:30

2023/07/28 (21:25:58) | ===> btop++ v.1.2.13
2023/07/28 (21:25:58) | INFO: Logger set to DEBUG
2023/07/28 (21:25:58) | DEBUG: Using locale C.UTF-8
2023/07/28 (21:25:58) | INFO: Running on /dev/pts/2
2023/07/28 (21:25:58) | WARNING: Failed to get disk/partition stats for mount "/run/user/1000/doc" with statvfs64 error code: 1. Ignoring...
2023/07/28 (21:25:58) | DEBUG: Loading theme file: /home/b33th0v3n/.config/btop/themes/catppuccin_macchiato.theme

2023/07/29 (20:18:43) | ===> btop++ v.1.2.13
2023/07/29 (20:18:43) | INFO: Logger set to DEBUG
2023/07/29 (20:18:43) | DEBUG: Using locale C.UTF-8
2023/07/29 (20:18:43) | INFO: Running on /dev/pts/5
2023/07/29 (20:18:43) | WARNING: Failed to get disk/partition stats for mount "/run/user/1000/doc" with statvfs64 error code: 1. Ignoring...
2023/07/29 (20:18:43) | DEBUG: Loading theme file: /home/b33th0v3n/.config/btop/themes/catppuccin_macchiato.theme

2023/07/29 (21:54:59) | ===> btop++ v.1.2.13
2023/07/29 (21:54:59) | INFO: Logger set to DEBUG
2023/07/29 (21:54:59) | DEBUG: Using locale C.UTF-8
2023/07/29 (21:54:59) | INFO: Running on /dev/pts/0
2023/07/29 (21:54:59) | WARNING: Failed to get disk/partition stats for mount "/run/user/1000/doc" with statvfs64 error code: 1. Ignoring...
2023/07/29 (21:54:59) | DEBUG: Loading theme file: /home/b33th0v3n/.config/btop/themes/catppuccin_macchiato.theme
2023/07/29 (21:58:48) | DEBUG: Writing new config file
2023/07/29 (21:58:48) | INFO: Quitting! Runtime: 00:03:49

2023/07/31 (11:02:39) | ===> btop++ v.1.2.13
2023/07/31 (11:02:39) | INFO: Logger set to DEBUG
2023/07/31 (11:02:39) | DEBUG: Using locale C.UTF-8
2023/07/31 (11:02:39) | INFO: Running on /dev/pts/1
2023/07/31 (11:02:39) | DEBUG: Loading theme file: /home/b33th0v3n/.config/btop/themes/catppuccin_macchiato.theme
2023/07/31 (11:24:08) | DEBUG: Writing new config file
2023/07/31 (11:24:08) | INFO: Quitting! Runtime: 00:21:29

2023/08/01 (15:06:25) | ===> btop++ v.1.2.13
2023/08/01 (15:06:25) | INFO: Logger set to DEBUG
2023/08/01 (15:06:25) | DEBUG: Using locale C.UTF-8
2023/08/01 (15:06:25) | INFO: Running on /dev/pts/1
2023/08/01 (15:06:25) | DEBUG: Loading theme file: /home/b33th0v3n/.config/btop/themes/catppuccin_macchiato.theme
2023/08/01 (18:33:21) | INFO: Quitting! Runtime: 03:26:56

2023/08/14 (15:13:36) | ===> btop++ v.1.2.13
2023/08/14 (15:13:36) | INFO: Logger set to DEBUG
2023/08/14 (15:13:36) | DEBUG: Using locale C.UTF-8
2023/08/14 (15:13:36) | INFO: Running on /dev/tty1
2023/08/14 (15:13:36) | INFO: Real tty detected: setting 16 color mode and using tty friendly graph symbols
2023/08/14 (15:13:58) | DEBUG: Writing new config file
2023/08/14 (15:13:58) | INFO: Quitting! Runtime: 00:00:22

2023/08/20 (11:00:53) | ===> btop++ v.1.2.13
2023/08/20 (11:00:53) | INFO: Logger set to DEBUG
2023/08/20 (11:00:53) | DEBUG: Using locale C.UTF-8
2023/08/20 (11:00:53) | INFO: Running on /dev/pts/1
2023/08/20 (11:00:53) | DEBUG: Loading theme file: /home/b33th0v3n/.config/btop/themes/catppuccin_macchiato.theme

2023/08/30 (17:05:57) | ===> btop++ v.1.2.13
2023/08/30 (17:05:57) | INFO: Logger set to DEBUG
2023/08/30 (17:05:57) | DEBUG: Using locale C.UTF-8
2023/08/30 (17:05:57) | INFO: Running on /dev/pts/0
2023/08/30 (17:05:57) | DEBUG: Loading theme file: /home/b33th0v3n/.config/btop/themes/catppuccin_macchiato.theme

2023/09/04 (20:12:07) | ===> btop++ v.1.2.13
2023/09/04 (20:12:07) | INFO: Logger set to DEBUG
2023/09/04 (20:12:07) | DEBUG: Using locale C.UTF-8
2023/09/04 (20:12:07) | INFO: Running on /dev/pts/0
2023/09/04 (20:12:07) | DEBUG: Loading theme file: /home/b33th0v3n/.config/btop/themes/catppuccin_macchiato.theme
2023/09/04 (20:17:25) | INFO: Quitting! Runtime: 00:05:18

2023/09/07 (20:07:06) | ===> btop++ v.1.2.13
2023/09/07 (20:07:06) | INFO: Logger set to DEBUG
2023/09/07 (20:07:06) | DEBUG: Using locale C.UTF-8
2023/09/07 (20:07:06) | INFO: Running on /dev/pts/0
2023/09/07 (20:07:06) | DEBUG: Loading theme file: /home/b33th0v3n/.config/btop/themes/catppuccin_macchiato.theme
2023/09/07 (21:03:37) | DEBUG: Writing new config file
2023/09/07 (21:03:37) | INFO: Quitting! Runtime: 00:56:31

2023/09/08 (19:48:00) | ===> btop++ v.1.2.13
2023/09/08 (19:48:00) | INFO: Logger set to DEBUG
2023/09/08 (19:48:00) | DEBUG: Using locale C.UTF-8
2023/09/08 (19:48:00) | INFO: Running on /dev/pts/0
2023/09/08 (19:48:00) | DEBUG: Loading theme file: /home/b33th0v3n/.config/btop/themes/catppuccin_macchiato.theme
2023/09/08 (20:11:33) | DEBUG: Writing new config file
2023/09/08 (20:11:33) | INFO: Quitting! Runtime: 00:23:33

2023/09/17 (19:30:03) | ===> btop++ v.1.2.13
2023/09/17 (19:30:03) | INFO: Logger set to DEBUG
2023/09/17 (19:30:03) | DEBUG: Using locale C.UTF-8
2023/09/17 (19:30:03) | INFO: Running on /dev/pts/0
2023/09/17 (19:30:03) | DEBUG: Loading theme file: /home/b33th0v3n/.config/btop/themes/catppuccin_macchiato.theme
2023/09/17 (19:30:25) | INFO: Quitting! Runtime: 00:00:22

2023/09/20 (20:51:32) | ===> btop++ v.1.2.13
2023/09/20 (20:51:32) | INFO: Logger set to DEBUG
2023/09/20 (20:51:32) | DEBUG: Using locale C.UTF-8
2023/09/20 (20:51:32) | INFO: Running on /dev/pts/0
2023/09/20 (20:51:32) | DEBUG: Loading theme file: /home/b33th0v3n/.config/btop/themes/catppuccin_macchiato.theme

2023/10/27 (16:42:36) | ===> btop++ v.1.2.13
2023/10/27 (16:42:36) | INFO: Logger set to DEBUG
2023/10/27 (16:42:36) | DEBUG: Using locale C.UTF-8
2023/10/27 (16:42:36) | INFO: Running on /dev/pts/1
2023/10/27 (16:42:36) | DEBUG: Loading theme file: /home/b33th0v3n/.config/btop/themes/catppuccin_macchiato.theme
2023/10/27 (21:01:10) | DEBUG: Writing new config file
2023/10/27 (21:01:10) | INFO: Quitting! Runtime: 04:18:34

2023/10/29 (16:52:03) | ===> btop++ v.1.2.13
2023/10/29 (16:52:03) | INFO: Logger set to DEBUG
2023/10/29 (16:52:03) | DEBUG: Using locale en_US.UTF-8
2023/10/29 (16:52:03) | INFO: Running on /dev/pts/0
2023/10/29 (16:52:03) | DEBUG: Loading theme file: /home/b33th0v3n/.config/btop/themes/catppuccin_macchiato.theme
2023/10/29 (16:52:14) | DEBUG: Writing new config file
2023/10/29 (16:52:14) | INFO: Quitting! Runtime: 00:00:11

2023/10/29 (21:46:31) | ===> btop++ v.1.2.13
2023/10/29 (21:46:31) | INFO: Logger set to DEBUG
2023/10/29 (21:46:31) | DEBUG: Using locale en_US.UTF-8
2023/10/29 (21:46:31) | INFO: Running on /dev/pts/1
2023/10/29 (21:46:31) | DEBUG: Loading theme file: /home/b33th0v3n/.config/btop/themes/catppuccin_macchiato.theme
2023/10/29 (21:47:29) | DEBUG: Writing new config file
2023/10/29 (21:47:29) | INFO: Quitting! Runtime: 00:00:58

2023/10/29 (21:48:02) | ===> btop++ v.1.2.13
2023/10/29 (21:48:02) | INFO: Logger set to DEBUG
2023/10/29 (21:48:02) | DEBUG: Using locale en_US.UTF-8
2023/10/29 (21:48:02) | INFO: Running on /dev/pts/1
2023/10/29 (21:48:02) | DEBUG: Loading theme file: /home/b33th0v3n/.config/btop/themes/catppuccin_macchiato.theme
2023/10/29 (21:48:35) | DEBUG: Writing new config file
2023/10/29 (21:48:35) | INFO: Quitting! Runtime: 00:00:33

2023/10/30 (17:40:16) | ===> btop++ v.1.2.13
2023/10/30 (17:40:16) | INFO: Logger set to DEBUG
2023/10/30 (17:40:16) | DEBUG: Using locale en_US.UTF-8
2023/10/30 (17:40:16) | INFO: Running on /dev/pts/2
2023/10/30 (17:40:16) | DEBUG: Loading theme file: /home/b33th0v3n/.config/btop/themes/catppuccin_macchiato.theme

2023/11/10 (16:38:46) | ===> btop++ v.1.2.13
2023/11/10 (16:38:46) | INFO: Logger set to DEBUG
2023/11/10 (16:38:46) | DEBUG: Using locale en_US.UTF-8
2023/11/10 (16:38:46) | INFO: Running on /dev/tty2
2023/11/10 (16:38:46) | INFO: Real tty detected: setting 16 color mode and using tty friendly graph symbols
2023/11/10 (16:39:54) | DEBUG: Loading theme file: /home/b33th0v3n/.config/btop/themes/catppuccin_macchiato.theme
2023/11/10 (16:40:17) | DEBUG: Writing new config file
2023/11/10 (16:40:17) | INFO: Quitting! Runtime: 00:01:31

2023/11/24 (18:19:53) | ===> btop++ v.1.2.13
2023/11/24 (18:19:53) | INFO: Logger set to DEBUG
2023/11/24 (18:19:53) | DEBUG: Using locale en_US.UTF-8
2023/11/24 (18:19:53) | INFO: Running on /dev/pts/1
2023/11/24 (18:19:53) | INFO: Forcing tty mode: setting 16 color mode and using tty friendly graph symbols
2023/11/24 (18:20:34) | DEBUG: Loading theme file: /home/b33th0v3n/.config/btop/themes/catppuccin_macchiato.theme
2023/11/24 (18:22:54) | DEBUG: Loading theme file: /usr/share/btop/themes/night-owl.theme
2023/11/24 (18:22:55) | DEBUG: Loading theme file: /usr/share/btop/themes/adapta.theme
2023/11/24 (18:22:55) | DEBUG: Loading theme file: /usr/share/btop/themes/night-owl.theme
2023/11/24 (18:22:56) | DEBUG: Loading theme file: /home/b33th0v3n/.config/btop/themes/catppuccin_macchiato.theme
2023/11/24 (18:22:58) | DEBUG: Loading theme file: /usr/share/btop/themes/solarized_dark.theme
2023/11/24 (18:22:58) | DEBUG: Loading theme file: /home/b33th0v3n/.config/btop/themes/catppuccin_macchiato.theme
2023/11/24 (18:22:59) | DEBUG: Loading theme file: /usr/share/btop/themes/solarized_dark.theme
2023/11/24 (18:22:59) | DEBUG: Loading theme file: /usr/share/btop/themes/elementarish.theme
2023/11/24 (18:23:00) | DEBUG: Loading theme file: /usr/share/btop/themes/solarized_dark.theme
2023/11/24 (18:23:00) | DEBUG: Loading theme file: /home/b33th0v3n/.config/btop/themes/catppuccin_macchiato.theme

2023/11/24 (20:52:19) | ===> btop++ v.1.2.13
2023/11/24 (20:52:19) | INFO: Logger set to DEBUG
2023/11/24 (20:52:19) | DEBUG: Using locale en_US.UTF-8
2023/11/24 (20:52:19) | INFO: Running on /dev/pts/1
2023/11/24 (20:52:19) | INFO: Forcing tty mode: setting 16 color mode and using tty friendly graph symbols
2023/11/24 (20:52:26) | DEBUG: Loading theme file: /home/b33th0v3n/.config/btop/themes/catppuccin_macchiato.theme
2023/11/24 (20:56:43) | DEBUG: Writing new config file
2023/11/24 (20:56:43) | INFO: Quitting! Runtime: 00:04:24

2023/12/02 (21:11:18) | ===> btop++ v.1.2.13
2023/12/02 (21:11:18) | INFO: Logger set to DEBUG
2023/12/02 (21:11:18) | DEBUG: Using locale en_US.UTF-8
2023/12/02 (21:11:18) | INFO: Running on /dev/pts/3
2023/12/02 (21:11:18) | DEBUG: Loading theme file: /home/b33th0v3n/.config/btop/themes/catppuccin_macchiato.theme

2023/12/28 (14:34:19) | ===> btop++ v.1.2.13
2023/12/28 (14:34:19) | INFO: Logger set to DEBUG
2023/12/28 (14:34:19) | DEBUG: Using locale en_US.UTF-8
2023/12/28 (14:34:19) | INFO: Running on /dev/pts/0
2023/12/28 (14:34:19) | DEBUG: Loading theme file: /home/b33th0v3n/.config/btop/themes/catppuccin_macchiato.theme

2023/12/28 (21:45:40) | ===> btop++ v.1.2.13
2023/12/28 (21:45:40) | INFO: Logger set to DEBUG
2023/12/28 (21:45:40) | DEBUG: Using locale en_US.UTF-8
2023/12/28 (21:45:40) | INFO: Running on /dev/pts/0
2023/12/28 (21:45:40) | DEBUG: Loading theme file: /home/b33th0v3n/.config/btop/themes/catppuccin_macchiato.theme

2023/12/30 (17:34:38) | ===> btop++ v.1.2.13
2023/12/30 (17:34:38) | INFO: Logger set to DEBUG
2023/12/30 (17:34:38) | DEBUG: Using locale en_US.UTF-8
2023/12/30 (17:34:38) | INFO: Running on /dev/pts/0
2023/12/30 (17:34:38) | DEBUG: Loading theme file: /home/b33th0v3n/.config/btop/themes/catppuccin_macchiato.theme

2024/01/03 (15:10:46) | ===> btop++ v.1.2.13
2024/01/03 (15:10:46) | INFO: Logger set to DEBUG
2024/01/03 (15:10:46) | DEBUG: Using locale en_US.UTF-8
2024/01/03 (15:10:46) | INFO: Running on /dev/pts/0
2024/01/03 (15:10:46) | DEBUG: Loading theme file: /home/b33th0v3n/.config/btop/themes/catppuccin_macchiato.theme

2024/01/12 (16:15:58) | ===> btop++ v.1.3.0
2024/01/12 (16:15:58) | INFO: Logger set to DEBUG
2024/01/12 (16:15:58) | DEBUG: Using locale en_US.UTF-8
2024/01/12 (16:15:58) | INFO: Running on /dev/pts/0
2024/01/12 (16:15:58) | INFO: Failed to load libnvidia-ml.so, NVIDIA GPUs will not be detected: libnvidia-ml.so.1: cannot open shared object file: No such file or directory
2024/01/12 (16:15:58) | INFO: Failed to load librocm_smi64.so, AMD GPUs will not be detected: librocm_smi64.so.1.0: cannot open shared object file: No such file or directory
2024/01/12 (16:15:58) | DEBUG: Shared::init() : Initialized.
2024/01/12 (16:15:58) | DEBUG: Loading theme file: /home/b33th0v3n/.config/btop/themes/catppuccin_macchiato.theme
2024/01/12 (16:17:21) | DEBUG: Writing new config file
2024/01/12 (16:17:21) | INFO: Quitting! Runtime: 00:01:23

2024/01/12 (16:17:34) | ===> btop++ v.1.3.0
2024/01/12 (16:17:34) | INFO: Logger set to DEBUG
2024/01/12 (16:17:34) | DEBUG: Using locale en_US.UTF-8
2024/01/12 (16:17:34) | INFO: Running on /dev/pts/0
2024/01/12 (16:17:34) | INFO: Failed to load libnvidia-ml.so, NVIDIA GPUs will not be detected: libnvidia-ml.so.1: cannot open shared object file: No such file or directory
2024/01/12 (16:17:34) | INFO: Failed to load librocm_smi64.so, AMD GPUs will not be detected: librocm_smi64.so.1.0: cannot open shared object file: No such file or directory
2024/01/12 (16:17:34) | DEBUG: Shared::init() : Initialized.
2024/01/12 (16:17:34) | DEBUG: Loading theme file: /home/b33th0v3n/.config/btop/themes/catppuccin_macchiato.theme
2024/01/12 (16:17:43) | INFO: Quitting! Runtime: 00:00:09

2024/01/12 (16:17:56) | ===> btop++ v.1.3.0
2024/01/12 (16:17:56) | INFO: Logger set to DEBUG
2024/01/12 (16:17:56) | DEBUG: Using locale en_US.UTF-8
2024/01/12 (16:17:56) | INFO: Running on /dev/pts/0
2024/01/12 (16:17:56) | INFO: Failed to load libnvidia-ml.so, NVIDIA GPUs will not be detected: libnvidia-ml.so.1: cannot open shared object file: No such file or directory
2024/01/12 (16:17:56) | INFO: Failed to load librocm_smi64.so, AMD GPUs will not be detected: librocm_smi64.so.1.0: cannot open shared object file: No such file or directory
2024/01/12 (16:17:56) | DEBUG: Shared::init() : Initialized.
2024/01/12 (16:17:56) | DEBUG: Loading theme file: /home/b33th0v3n/.config/btop/themes/catppuccin_macchiato.theme
2024/01/12 (16:18:03) | INFO: Quitting! Runtime: 00:00:07

2024/01/12 (16:18:18) | ===> btop++ v.1.3.0
2024/01/12 (16:18:18) | INFO: Logger set to DEBUG
2024/01/12 (16:18:18) | DEBUG: Using locale en_US.UTF-8
2024/01/12 (16:18:18) | INFO: Running on /dev/pts/0
2024/01/12 (16:18:18) | INFO: Failed to load libnvidia-ml.so, NVIDIA GPUs will not be detected: libnvidia-ml.so.1: cannot open shared object file: No such file or directory
2024/01/12 (16:18:18) | INFO: Failed to load librocm_smi64.so, AMD GPUs will not be detected: librocm_smi64.so.1.0: cannot open shared object file: No such file or directory
2024/01/12 (16:18:18) | DEBUG: Shared::init() : Initialized.
2024/01/12 (16:18:18) | DEBUG: Loading theme file: /home/b33th0v3n/.config/btop/themes/catppuccin_macchiato.theme
2024/01/12 (16:18:21) | INFO: Quitting! Runtime: 00:00:03

2024/01/12 (16:21:52) | ===> btop++ v.1.3.0
2024/01/12 (16:21:52) | INFO: Logger set to DEBUG
2024/01/12 (16:21:52) | DEBUG: Using locale en_US.UTF-8
2024/01/12 (16:21:52) | INFO: Running on /dev/tty1
2024/01/12 (16:21:52) | INFO: Real tty detected: setting 16 color mode and using tty friendly graph symbols
2024/01/12 (16:21:52) | INFO: Failed to load libnvidia-ml.so, NVIDIA GPUs will not be detected: libnvidia-ml.so.1: cannot open shared object file: No such file or directory
2024/01/12 (16:21:52) | INFO: Failed to load librocm_smi64.so, AMD GPUs will not be detected: librocm_smi64.so.1.0: cannot open shared object file: No such file or directory
2024/01/12 (16:21:52) | DEBUG: Shared::init() : Initialized.
2024/01/12 (16:23:08) | DEBUG: Writing new config file
2024/01/12 (16:23:08) | INFO: Quitting! Runtime: 00:01:16

2024/01/13 (21:53:31) | ===> btop++ v.1.3.0
2024/01/13 (21:53:31) | INFO: Logger set to DEBUG
2024/01/13 (21:53:31) | DEBUG: Using locale en_US.UTF-8
2024/01/13 (21:53:31) | INFO: Running on /dev/pts/0
2024/01/13 (21:53:31) | INFO: Failed to load libnvidia-ml.so, NVIDIA GPUs will not be detected: libnvidia-ml.so.1: cannot open shared object file: No such file or directory
2024/01/13 (21:53:31) | INFO: Failed to load librocm_smi64.so, AMD GPUs will not be detected: librocm_smi64.so.1.0: cannot open shared object file: No such file or directory
2024/01/13 (21:53:31) | DEBUG: Shared::init() : Initialized.
2024/01/13 (21:53:31) | DEBUG: Loading theme file: /home/b33th0v3n/.config/btop/themes/catppuccin_macchiato.theme

2024/01/13 (22:15:12) | ===> btop++ v.1.3.0
2024/01/13 (22:15:12) | INFO: Logger set to DEBUG
2024/01/13 (22:15:12) | DEBUG: Using locale en_US.UTF-8
2024/01/13 (22:15:12) | INFO: Running on /dev/pts/0
2024/01/13 (22:15:12) | INFO: Failed to load libnvidia-ml.so, NVIDIA GPUs will not be detected: libnvidia-ml.so.1: cannot open shared object file: No such file or directory
2024/01/13 (22:15:12) | INFO: Failed to load librocm_smi64.so, AMD GPUs will not be detected: librocm_smi64.so.1.0: cannot open shared object file: No such file or directory
2024/01/13 (22:15:12) | DEBUG: Shared::init() : Initialized.
2024/01/13 (22:15:12) | DEBUG: Loading theme file: /home/b33th0v3n/.config/btop/themes/catppuccin_macchiato.theme
2024/01/13 (22:16:04) | DEBUG: Writing new config file
2024/01/13 (22:16:04) | INFO: Quitting! Runtime: 00:00:52

2024/01/13 (22:21:42) | ===> btop++ v.1.3.0
2024/01/13 (22:21:42) | INFO: Logger set to DEBUG
2024/01/13 (22:21:42) | DEBUG: Using locale en_US.UTF-8
2024/01/13 (22:21:42) | INFO: Running on /dev/pts/2
2024/01/13 (22:21:42) | INFO: Failed to load libnvidia-ml.so, NVIDIA GPUs will not be detected: libnvidia-ml.so.1: cannot open shared object file: No such file or directory
2024/01/13 (22:21:42) | INFO: Failed to load librocm_smi64.so, AMD GPUs will not be detected: librocm_smi64.so.1.0: cannot open shared object file: No such file or directory
2024/01/13 (22:21:42) | DEBUG: Shared::init() : Initialized.
2024/01/13 (22:21:42) | DEBUG: Loading theme file: /home/b33th0v3n/.config/btop/themes/catppuccin_macchiato.theme
2024/01/13 (22:22:05) | INFO: Quitting! Runtime: 00:00:23

2024/01/13 (22:25:20) | ===> btop++ v.1.3.0
2024/01/13 (22:25:20) | INFO: Logger set to DEBUG
2024/01/13 (22:25:20) | DEBUG: Using locale en_US.UTF-8
2024/01/13 (22:25:20) | INFO: Running on /dev/pts/0
2024/01/13 (22:25:20) | INFO: Failed to load libnvidia-ml.so, NVIDIA GPUs will not be detected: libnvidia-ml.so.1: cannot open shared object file: No such file or directory
2024/01/13 (22:25:20) | INFO: Failed to load librocm_smi64.so, AMD GPUs will not be detected: librocm_smi64.so.1.0: cannot open shared object file: No such file or directory
2024/01/13 (22:25:20) | DEBUG: Shared::init() : Initialized.
2024/01/13 (22:25:20) | DEBUG: Loading theme file: /home/b33th0v3n/.config/btop/themes/catppuccin_macchiato.theme

2024/01/30 (18:00:16) | ===> btop++ v.1.3.0
2024/01/30 (18:00:16) | INFO: Logger set to DEBUG
2024/01/30 (18:00:16) | DEBUG: Using locale en_US.UTF-8
2024/01/30 (18:00:16) | INFO: Running on /dev/pts/2
2024/01/30 (18:00:16) | INFO: Failed to load libnvidia-ml.so, NVIDIA GPUs will not be detected: libnvidia-ml.so.1: cannot open shared object file: No such file or directory
2024/01/30 (18:00:16) | INFO: Failed to load librocm_smi64.so, AMD GPUs will not be detected: librocm_smi64.so.1.0: cannot open shared object file: No such file or directory
2024/01/30 (18:00:16) | DEBUG: Shared::init() : Initialized.
2024/01/30 (18:00:16) | DEBUG: Loading theme file: /home/b33th0v3n/.config/btop/themes/catppuccin_macchiato.theme

2024/01/30 (18:01:07) | ===> btop++ v.1.3.0
2024/01/30 (18:01:07) | INFO: Logger set to DEBUG
2024/01/30 (18:01:07) | DEBUG: Using locale en_US.UTF-8
2024/01/30 (18:01:07) | INFO: Running on /dev/pts/2
2024/01/30 (18:01:07) | INFO: Failed to load libnvidia-ml.so, NVIDIA GPUs will not be detected: libnvidia-ml.so.1: cannot open shared object file: No such file or directory
2024/01/30 (18:01:07) | INFO: Failed to load librocm_smi64.so, AMD GPUs will not be detected: librocm_smi64.so.1.0: cannot open shared object file: No such file or directory
2024/01/30 (18:01:07) | DEBUG: Shared::init() : Initialized.
2024/01/30 (18:01:07) | DEBUG: Loading theme file: /home/b33th0v3n/.config/btop/themes/catppuccin_macchiato.theme
2024/01/30 (19:59:45) | INFO: Quitting! Runtime: 01:58:38

2024/02/02 (21:21:34) | ===> btop++ v.1.3.0
2024/02/02 (21:21:34) | INFO: Logger set to DEBUG
2024/02/02 (21:21:34) | DEBUG: Using locale en_US.UTF-8
2024/02/02 (21:21:34) | INFO: Running on /dev/pts/1
2024/02/02 (21:21:34) | INFO: Failed to load libnvidia-ml.so, NVIDIA GPUs will not be detected: libnvidia-ml.so.1: cannot open shared object file: No such file or directory
2024/02/02 (21:21:34) | INFO: Failed to load librocm_smi64.so, AMD GPUs will not be detected: librocm_smi64.so.1.0: cannot open shared object file: No such file or directory
2024/02/02 (21:21:34) | DEBUG: Shared::init() : Initialized.
2024/02/02 (21:21:34) | DEBUG: Loading theme file: /home/b33th0v3n/.config/btop/themes/catppuccin_macchiato.theme
2024/02/02 (21:21:48) | INFO: Quitting! Runtime: 00:00:14

2024/06/02 (12:18:17) | ===> btop++ v.1.3.2
2024/06/02 (12:18:17) | INFO: Logger set to DEBUG
2024/06/02 (12:18:17) | DEBUG: Using locale en_US.UTF-8
2024/06/02 (12:18:17) | INFO: Running on /dev/pts/2
2024/06/02 (12:18:17) | INFO: Failed to load libnvidia-ml.so, NVIDIA GPUs will not be detected: libnvidia-ml.so.1: cannot open shared object file: No such file or directory
2024/06/02 (12:18:17) | INFO: Failed to load librocm_smi64.so, AMD GPUs will not be detected: librocm_smi64.so.6: cannot open shared object file: No such file or directory
2024/06/02 (12:18:17) | DEBUG: Shared::init() : Initialized.
2024/06/02 (12:18:17) | DEBUG: Loading theme file: /home/b33th0v3n/.config/btop/themes/catppuccin_macchiato.theme
2024/06/02 (12:21:25) | DEBUG: Writing new config file
2024/06/02 (12:21:25) | INFO: Quitting! Runtime: 00:03:08

2024/06/02 (14:15:38) | ===> btop++ v.1.3.2
2024/06/02 (14:15:38) | INFO: Logger set to DEBUG
2024/06/02 (14:15:38) | DEBUG: Using locale en_US.UTF-8
2024/06/02 (14:15:38) | INFO: Running on /dev/pts/0
2024/06/02 (14:15:38) | INFO: Failed to load libnvidia-ml.so, NVIDIA GPUs will not be detected: libnvidia-ml.so.1: cannot open shared object file: No such file or directory
2024/06/02 (14:15:38) | INFO: Failed to load librocm_smi64.so, AMD GPUs will not be detected: librocm_smi64.so.6: cannot open shared object file: No such file or directory
2024/06/02 (14:15:38) | DEBUG: Shared::init() : Initialized.
2024/06/02 (14:15:38) | DEBUG: Loading theme file: /home/b33th0v3n/.config/btop/themes/catppuccin_macchiato.theme
2024/06/02 (14:17:18) | DEBUG: Writing new config file
2024/06/02 (14:17:18) | INFO: Quitting! Runtime: 00:01:40

2024/06/02 (18:29:29) | ===> btop++ v.1.3.2
2024/06/02 (18:29:29) | INFO: Logger set to DEBUG
2024/06/02 (18:29:29) | DEBUG: Using locale en_US.UTF-8
2024/06/02 (18:29:29) | INFO: Running on /dev/pts/1
2024/06/02 (18:29:30) | INFO: Failed to load libnvidia-ml.so, NVIDIA GPUs will not be detected: libnvidia-ml.so.1: cannot open shared object file: No such file or directory
2024/06/02 (18:29:30) | INFO: Failed to load librocm_smi64.so, AMD GPUs will not be detected: librocm_smi64.so.6: cannot open shared object file: No such file or directory
2024/06/02 (18:29:30) | DEBUG: Shared::init() : Initialized.
2024/06/02 (18:29:30) | DEBUG: Loading theme file: /home/b33th0v3n/.config/btop/themes/catppuccin_macchiato.theme
2024/06/02 (18:30:45) | INFO: Quitting! Runtime: 00:01:16

2024/06/02 (19:03:30) | ===> btop++ v.1.3.2
2024/06/02 (19:03:30) | INFO: Logger set to DEBUG
2024/06/02 (19:03:30) | DEBUG: Using locale en_US.UTF-8
2024/06/02 (19:03:30) | INFO: Running on /dev/pts/2
2024/06/02 (19:03:30) | INFO: Failed to load libnvidia-ml.so, NVIDIA GPUs will not be detected: libnvidia-ml.so.1: cannot open shared object file: No such file or directory
2024/06/02 (19:03:30) | INFO: Failed to load librocm_smi64.so, AMD GPUs will not be detected: librocm_smi64.so.6: cannot open shared object file: No such file or directory
2024/06/02 (19:03:30) | DEBUG: Shared::init() : Initialized.
2024/06/02 (19:03:30) | DEBUG: Loading theme file: /home/b33th0v3n/.config/btop/themes/catppuccin_macchiato.theme
2024/06/02 (19:43:09) | INFO: Quitting! Runtime: 00:39:39

2024/06/04 (20:15:51) | ===> btop++ v.1.3.2
2024/06/04 (20:15:51) | INFO: Logger set to DEBUG
2024/06/04 (20:15:51) | DEBUG: Using locale en_US.UTF-8
2024/06/04 (20:15:51) | INFO: Running on /dev/pts/1
2024/06/04 (20:15:52) | INFO: Failed to load libnvidia-ml.so, NVIDIA GPUs will not be detected: libnvidia-ml.so.1: cannot open shared object file: No such file or directory
2024/06/04 (20:15:52) | INFO: Failed to load librocm_smi64.so, AMD GPUs will not be detected: librocm_smi64.so.6: cannot open shared object file: No such file or directory
2024/06/04 (20:15:52) | DEBUG: Shared::init() : Initialized.
2024/06/04 (20:15:52) | DEBUG: Loading theme file: /home/b33th0v3n/.config/btop/themes/catppuccin_macchiato.theme

2024/06/06 (20:46:30) | ===> btop++ v.1.3.2
2024/06/06 (20:46:30) | INFO: Logger set to DEBUG
2024/06/06 (20:46:30) | DEBUG: Using locale en_US.UTF-8
2024/06/06 (20:46:30) | INFO: Running on /dev/pts/1
2024/06/06 (20:46:30) | INFO: Failed to load libnvidia-ml.so, NVIDIA GPUs will not be detected: libnvidia-ml.so.1: cannot open shared object file: No such file or directory
2024/06/06 (20:46:30) | INFO: Failed to load librocm_smi64.so, AMD GPUs will not be detected: librocm_smi64.so.6: cannot open shared object file: No such file or directory
2024/06/06 (20:46:30) | DEBUG: Shared::init() : Initialized.
2024/06/06 (20:46:30) | DEBUG: Loading theme file: /home/b33th0v3n/.config/btop/themes/catppuccin_macchiato.theme
2024/06/06 (20:46:33) | INFO: Quitting! Runtime: 00:00:03

2024/06/08 (20:33:47) | ===> btop++ v.1.3.2
2024/06/08 (20:33:47) | INFO: Logger set to DEBUG
2024/06/08 (20:33:47) | DEBUG: Using locale en_US.UTF-8
2024/06/08 (20:33:47) | INFO: Running on /dev/pts/0
2024/06/08 (20:33:47) | INFO: Failed to load libnvidia-ml.so, NVIDIA GPUs will not be detected: libnvidia-ml.so.1: cannot open shared object file: No such file or directory
2024/06/08 (20:33:47) | INFO: Failed to load librocm_smi64.so, AMD GPUs will not be detected: librocm_smi64.so.6: cannot open shared object file: No such file or directory
2024/06/08 (20:33:47) | DEBUG: Shared::init() : Initialized.
2024/06/08 (20:33:47) | DEBUG: Loading theme file: /home/b33th0v3n/.config/btop/themes/catppuccin_macchiato.theme

2024/06/08 (20:49:54) | ===> btop++ v.1.3.2
2024/06/08 (20:49:54) | INFO: Logger set to DEBUG
2024/06/08 (20:49:54) | DEBUG: Using locale en_US.UTF-8
2024/06/08 (20:49:54) | INFO: Running on /dev/pts/1
2024/06/08 (20:49:55) | INFO: Failed to load libnvidia-ml.so, NVIDIA GPUs will not be detected: libnvidia-ml.so.1: cannot open shared object file: No such file or directory
2024/06/08 (20:49:55) | INFO: Failed to load librocm_smi64.so, AMD GPUs will not be detected: librocm_smi64.so.6: cannot open shared object file: No such file or directory
2024/06/08 (20:49:55) | DEBUG: Shared::init() : Initialized.
2024/06/08 (20:49:55) | DEBUG: Loading theme file: /home/b33th0v3n/.config/btop/themes/catppuccin_macchiato.theme

2024/06/08 (22:21:28) | ===> btop++ v.1.3.2
2024/06/08 (22:21:28) | INFO: Logger set to DEBUG
2024/06/08 (22:21:28) | DEBUG: Using locale en_US.UTF-8
2024/06/08 (22:21:28) | INFO: Running on /dev/pts/0
2024/06/08 (22:21:28) | INFO: Failed to load libnvidia-ml.so, NVIDIA GPUs will not be detected: libnvidia-ml.so.1: cannot open shared object file: No such file or directory
2024/06/08 (22:21:28) | INFO: Failed to load librocm_smi64.so, AMD GPUs will not be detected: librocm_smi64.so.6: cannot open shared object file: No such file or directory
2024/06/08 (22:21:28) | DEBUG: Shared::init() : Initialized.
2024/06/08 (22:21:28) | DEBUG: Loading theme file: /home/b33th0v3n/.config/btop/themes/catppuccin_macchiato.theme
2024/06/08 (22:22:19) | DEBUG: Writing new config file
2024/06/08 (22:22:19) | INFO: Quitting! Runtime: 00:00:51

2024/06/09 (10:22:44) | ===> btop++ v.1.3.2
2024/06/09 (10:22:44) | INFO: Logger set to DEBUG
2024/06/09 (10:22:44) | DEBUG: Using locale en_US.UTF-8
2024/06/09 (10:22:44) | INFO: Running on /dev/pts/0
2024/06/09 (10:22:44) | INFO: Failed to load libnvidia-ml.so, NVIDIA GPUs will not be detected: libnvidia-ml.so.1: cannot open shared object file: No such file or directory
2024/06/09 (10:22:44) | INFO: Failed to load librocm_smi64.so, AMD GPUs will not be detected: librocm_smi64.so.6: cannot open shared object file: No such file or directory
2024/06/09 (10:22:44) | DEBUG: Shared::init() : Initialized.
2024/06/09 (10:22:44) | DEBUG: Loading theme file: /home/b33th0v3n/.config/btop/themes/catppuccin_macchiato.theme

2024/06/09 (17:41:32) | ===> btop++ v.1.3.2
2024/06/09 (17:41:32) | INFO: Logger set to DEBUG
2024/06/09 (17:41:32) | DEBUG: Using locale en_US.UTF-8
2024/06/09 (17:41:32) | INFO: Running on /dev/pts/3
2024/06/09 (17:41:32) | INFO: Failed to load libnvidia-ml.so, NVIDIA GPUs will not be detected: libnvidia-ml.so.1: cannot open shared object file: No such file or directory
2024/06/09 (17:41:32) | INFO: Failed to load librocm_smi64.so, AMD GPUs will not be detected: librocm_smi64.so.6: cannot open shared object file: No such file or directory
2024/06/09 (17:41:32) | DEBUG: Shared::init() : Initialized.
2024/06/09 (17:41:32) | DEBUG: Loading theme file: /home/b33th0v3n/.config/btop/themes/catppuccin_macchiato.theme

2024/06/09 (18:26:57) | ===> btop++ v.1.3.2
2024/06/09 (18:26:57) | INFO: Logger set to DEBUG
2024/06/09 (18:26:57) | DEBUG: Using locale en_US.UTF-8
2024/06/09 (18:26:57) | INFO: Running on /dev/pts/2
2024/06/09 (18:26:58) | INFO: Failed to load libnvidia-ml.so, NVIDIA GPUs will not be detected: libnvidia-ml.so.1: cannot open shared object file: No such file or directory
2024/06/09 (18:26:58) | INFO: Failed to load librocm_smi64.so, AMD GPUs will not be detected: librocm_smi64.so.6: cannot open shared object file: No such file or directory
2024/06/09 (18:26:58) | DEBUG: Shared::init() : Initialized.
2024/06/09 (18:26:58) | DEBUG: Loading theme file: /home/b33th0v3n/.config/btop/themes/catppuccin_macchiato.theme

2024/06/09 (18:35:50) | ===> btop++ v.1.3.2
2024/06/09 (18:35:50) | INFO: Logger set to DEBUG
2024/06/09 (18:35:50) | DEBUG: Using locale en_US.UTF-8
2024/06/09 (18:35:50) | INFO: Running on /dev/pts/0
2024/06/09 (18:35:50) | INFO: Failed to load libnvidia-ml.so, NVIDIA GPUs will not be detected: libnvidia-ml.so.1: cannot open shared object file: No such file or directory
2024/06/09 (18:35:50) | INFO: Failed to load librocm_smi64.so, AMD GPUs will not be detected: librocm_smi64.so.6: cannot open shared object file: No such file or directory
2024/06/09 (18:35:50) | DEBUG: Shared::init() : Initialized.
2024/06/09 (18:35:50) | DEBUG: Loading theme file: /home/b33th0v3n/.config/btop/themes/catppuccin_macchiato.theme
2024/06/09 (18:36:10) | DEBUG: Writing new config file
2024/06/09 (18:36:10) | INFO: Quitting! Runtime: 00:00:20

2024/06/09 (18:37:36) | ===> btop++ v.1.3.2
2024/06/09 (18:37:36) | INFO: Logger set to DEBUG
2024/06/09 (18:37:36) | DEBUG: Using locale en_US.UTF-8
2024/06/09 (18:37:36) | INFO: Running on /dev/pts/0
2024/06/09 (18:37:36) | INFO: Failed to load libnvidia-ml.so, NVIDIA GPUs will not be detected: libnvidia-ml.so.1: cannot open shared object file: No such file or directory
2024/06/09 (18:37:36) | INFO: Failed to load librocm_smi64.so, AMD GPUs will not be detected: librocm_smi64.so.6: cannot open shared object file: No such file or directory
2024/06/09 (18:37:36) | DEBUG: Shared::init() : Initialized.
2024/06/09 (18:37:36) | DEBUG: Loading theme file: /home/b33th0v3n/.config/btop/themes/catppuccin_macchiato.theme

2024/06/10 (22:16:23) | ===> btop++ v.1.3.2
2024/06/10 (22:16:23) | INFO: Logger set to DEBUG
2024/06/10 (22:16:23) | DEBUG: Using locale en_US.UTF-8
2024/06/10 (22:16:23) | INFO: Running on /dev/pts/1
2024/06/10 (22:16:23) | INFO: Failed to load libnvidia-ml.so, NVIDIA GPUs will not be detected: libnvidia-ml.so.1: cannot open shared object file: No such file or directory
2024/06/10 (22:16:23) | INFO: Failed to load librocm_smi64.so, AMD GPUs will not be detected: librocm_smi64.so.6: cannot open shared object file: No such file or directory
2024/06/10 (22:16:23) | DEBUG: Shared::init() : Initialized.
2024/06/10 (22:16:23) | DEBUG: Loading theme file: /home/b33th0v3n/.config/btop/themes/catppuccin_macchiato.theme

2024/06/10 (22:41:43) | ===> btop++ v.1.3.2
2024/06/10 (22:41:43) | INFO: Logger set to DEBUG
2024/06/10 (22:41:43) | DEBUG: Using locale en_US.UTF-8
2024/06/10 (22:41:43) | INFO: Running on /dev/pts/1
2024/06/10 (22:41:43) | INFO: Failed to load libnvidia-ml.so, NVIDIA GPUs will not be detected: libnvidia-ml.so.1: cannot open shared object file: No such file or directory
2024/06/10 (22:41:43) | INFO: Failed to load librocm_smi64.so, AMD GPUs will not be detected: librocm_smi64.so.6: cannot open shared object file: No such file or directory
2024/06/10 (22:41:43) | DEBUG: Shared::init() : Initialized.
2024/06/10 (22:41:43) | DEBUG: Loading theme file: /home/b33th0v3n/.config/btop/themes/catppuccin_macchiato.theme
2024/06/10 (22:41:59) | INFO: Quitting! Runtime: 00:00:16

2024/06/10 (22:42:09) | ===> btop++ v.1.3.2
2024/06/10 (22:42:09) | INFO: Logger set to DEBUG
2024/06/10 (22:42:09) | DEBUG: Using locale en_US.UTF-8
2024/06/10 (22:42:09) | INFO: Running on /dev/pts/1
2024/06/10 (22:42:09) | INFO: Failed to load libnvidia-ml.so, NVIDIA GPUs will not be detected: libnvidia-ml.so.1: cannot open shared object file: No such file or directory
2024/06/10 (22:42:09) | INFO: Failed to load librocm_smi64.so, AMD GPUs will not be detected: librocm_smi64.so.6: cannot open shared object file: No such file or directory
2024/06/10 (22:42:09) | DEBUG: Shared::init() : Initialized.
2024/06/10 (22:42:09) | DEBUG: Loading theme file: /home/b33th0v3n/.config/btop/themes/catppuccin_macchiato.theme
2024/06/10 (22:45:00) | INFO: Quitting! Runtime: 00:02:51

2024/06/11 (08:08:44) | ===> btop++ v.1.3.2
2024/06/11 (08:08:44) | INFO: Logger set to DEBUG
2024/06/11 (08:08:44) | DEBUG: Using locale en_US.UTF-8
2024/06/11 (08:08:44) | INFO: Running on /dev/pts/0
2024/06/11 (08:08:44) | INFO: Failed to load libnvidia-ml.so, NVIDIA GPUs will not be detected: libnvidia-ml.so.1: cannot open shared object file: No such file or directory
2024/06/11 (08:08:44) | INFO: Failed to load librocm_smi64.so, AMD GPUs will not be detected: librocm_smi64.so.6: cannot open shared object file: No such file or directory
2024/06/11 (08:08:44) | DEBUG: Shared::init() : Initialized.
2024/06/11 (08:08:44) | DEBUG: Loading theme file: /home/b33th0v3n/.config/btop/themes/catppuccin_macchiato.theme
2024/06/11 (08:09:00) | INFO: Quitting! Runtime: 00:00:16

2024/06/11 (08:09:05) | ===> btop++ v.1.3.2
2024/06/11 (08:09:05) | INFO: Logger set to DEBUG
2024/06/11 (08:09:05) | DEBUG: Using locale en_US.UTF-8
2024/06/11 (08:09:05) | INFO: Running on /dev/pts/0
2024/06/11 (08:09:05) | INFO: Failed to load libnvidia-ml.so, NVIDIA GPUs will not be detected: libnvidia-ml.so.1: cannot open shared object file: No such file or directory
2024/06/11 (08:09:05) | INFO: Failed to load librocm_smi64.so, AMD GPUs will not be detected: librocm_smi64.so.6: cannot open shared object file: No such file or directory
2024/06/11 (08:09:05) | DEBUG: Shared::init() : Initialized.
2024/06/11 (08:09:05) | DEBUG: Loading theme file: /home/b33th0v3n/.config/btop/themes/catppuccin_macchiato.theme
2024/06/11 (08:09:11) | INFO: Quitting! Runtime: 00:00:06

2024/06/11 (16:18:40) | ===> btop++ v.1.3.2
2024/06/11 (16:18:40) | INFO: Logger set to DEBUG
2024/06/11 (16:18:40) | DEBUG: Using locale en_US.UTF-8
2024/06/11 (16:18:40) | INFO: Running on /dev/pts/0
2024/06/11 (16:18:40) | INFO: Failed to load libnvidia-ml.so, NVIDIA GPUs will not be detected: libnvidia-ml.so.1: cannot open shared object file: No such file or directory
2024/06/11 (16:18:40) | INFO: Failed to load librocm_smi64.so, AMD GPUs will not be detected: librocm_smi64.so.6: cannot open shared object file: No such file or directory
2024/06/11 (16:18:40) | DEBUG: Shared::init() : Initialized.
2024/06/11 (16:18:40) | DEBUG: Loading theme file: /home/b33th0v3n/.config/btop/themes/catppuccin_macchiato.theme
2024/06/11 (16:18:52) | DEBUG: Writing new config file
2024/06/11 (16:18:52) | INFO: Quitting! Runtime: 00:00:12

2024/06/11 (16:18:53) | ===> btop++ v.1.3.2
2024/06/11 (16:18:53) | INFO: Logger set to DEBUG
2024/06/11 (16:18:53) | DEBUG: Using locale en_US.UTF-8
2024/06/11 (16:18:53) | INFO: Running on /dev/pts/0
2024/06/11 (16:18:53) | INFO: Failed to load libnvidia-ml.so, NVIDIA GPUs will not be detected: libnvidia-ml.so.1: cannot open shared object file: No such file or directory
2024/06/11 (16:18:53) | INFO: Failed to load librocm_smi64.so, AMD GPUs will not be detected: librocm_smi64.so.6: cannot open shared object file: No such file or directory
2024/06/11 (16:18:53) | DEBUG: Shared::init() : Initialized.
2024/06/11 (16:18:53) | DEBUG: Loading theme file: /home/b33th0v3n/.config/btop/themes/catppuccin_macchiato.theme
2024/06/11 (16:18:58) | INFO: Quitting! Runtime: 00:00:05

2024/06/11 (16:19:00) | ===> btop++ v.1.3.2
2024/06/11 (16:19:00) | INFO: Logger set to DEBUG
2024/06/11 (16:19:00) | DEBUG: Using locale en_US.UTF-8
2024/06/11 (16:19:00) | INFO: Running on /dev/pts/0
2024/06/11 (16:19:00) | INFO: Failed to load libnvidia-ml.so, NVIDIA GPUs will not be detected: libnvidia-ml.so.1: cannot open shared object file: No such file or directory
2024/06/11 (16:19:00) | INFO: Failed to load librocm_smi64.so, AMD GPUs will not be detected: librocm_smi64.so.6: cannot open shared object file: No such file or directory
2024/06/11 (16:19:00) | DEBUG: Shared::init() : Initialized.
2024/06/11 (16:19:00) | DEBUG: Loading theme file: /home/b33th0v3n/.config/btop/themes/catppuccin_macchiato.theme
2024/06/11 (16:26:25) | DEBUG: Writing new config file
2024/06/11 (16:26:25) | INFO: Quitting! Runtime: 00:07:25

2024/06/11 (22:14:42) | ===> btop++ v.1.3.2
2024/06/11 (22:14:42) | INFO: Logger set to DEBUG
2024/06/11 (22:14:42) | DEBUG: Using locale en_US.UTF-8
2024/06/11 (22:14:42) | INFO: Running on /dev/pts/0
2024/06/11 (22:14:42) | INFO: Failed to load libnvidia-ml.so, NVIDIA GPUs will not be detected: libnvidia-ml.so.1: cannot open shared object file: No such file or directory
2024/06/11 (22:14:42) | INFO: Failed to load librocm_smi64.so, AMD GPUs will not be detected: librocm_smi64.so.6: cannot open shared object file: No such file or directory
2024/06/11 (22:14:42) | DEBUG: Shared::init() : Initialized.
2024/06/11 (22:14:42) | DEBUG: Loading theme file: /home/b33th0v3n/.config/btop/themes/catppuccin_macchiato.theme

2024/06/14 (19:28:15) | ===> btop++ v.1.3.2
2024/06/14 (19:28:15) | INFO: Logger set to DEBUG
2024/06/14 (19:28:15) | DEBUG: Using locale en_US.UTF-8
2024/06/14 (19:28:15) | INFO: Running on /dev/pts/1
2024/06/14 (19:28:15) | INFO: Failed to load libnvidia-ml.so, NVIDIA GPUs will not be detected: libnvidia-ml.so.1: cannot open shared object file: No such file or directory
2024/06/14 (19:28:15) | INFO: Failed to load librocm_smi64.so, AMD GPUs will not be detected: librocm_smi64.so.6: cannot open shared object file: No such file or directory
2024/06/14 (19:28:15) | DEBUG: Shared::init() : Initialized.
2024/06/14 (19:28:15) | DEBUG: Loading theme file: /home/b33th0v3n/.config/btop/themes/catppuccin_macchiato.theme
2024/06/14 (19:46:26) | INFO: Quitting! Runtime: 00:18:11

2024/06/20 (21:58:12) | ===> btop++ v.1.3.2
2024/06/20 (21:58:12) | INFO: Logger set to DEBUG
2024/06/20 (21:58:12) | DEBUG: Using locale en_US.UTF-8
2024/06/20 (21:58:12) | INFO: Running on /dev/pts/0
2024/06/20 (21:58:12) | INFO: Failed to load libnvidia-ml.so, NVIDIA GPUs will not be detected: libnvidia-ml.so.1: cannot open shared object file: No such file or directory
2024/06/20 (21:58:12) | INFO: Failed to load librocm_smi64.so, AMD GPUs will not be detected: librocm_smi64.so.6: cannot open shared object file: No such file or directory
2024/06/20 (21:58:12) | DEBUG: Shared::init() : Initialized.
2024/06/20 (21:58:12) | DEBUG: Loading theme file: /home/b33th0v3n/.config/btop/themes/catppuccin_macchiato.theme
2024/06/20 (21:58:23) | INFO: Quitting! Runtime: 00:00:11

2024/07/07 (16:07:39) | ===> btop++ v.1.3.2
2024/07/07 (16:07:39) | INFO: Logger set to DEBUG
2024/07/07 (16:07:39) | DEBUG: Using locale en_US.UTF-8
2024/07/07 (16:07:39) | INFO: Running on /dev/pts/0
2024/07/07 (16:07:39) | INFO: Failed to load libnvidia-ml.so, NVIDIA GPUs will not be detected: libnvidia-ml.so.1: cannot open shared object file: No such file or directory
2024/07/07 (16:07:39) | INFO: Failed to load librocm_smi64.so, AMD GPUs will not be detected: librocm_smi64.so.6: cannot open shared object file: No such file or directory
2024/07/07 (16:07:39) | DEBUG: Shared::init() : Initialized.
2024/07/07 (16:07:39) | DEBUG: Loading theme file: /home/b33th0v3n/.config/btop/themes/catppuccin_macchiato.theme
2024/07/07 (16:19:46) | INFO: Quitting! Runtime: 00:12:07

2024/07/07 (17:54:38) | ===> btop++ v.1.3.2
2024/07/07 (17:54:38) | INFO: Logger set to DEBUG
2024/07/07 (17:54:38) | DEBUG: Using locale en_US.UTF-8
2024/07/07 (17:54:38) | INFO: Running on /dev/pts/3
2024/07/07 (17:54:38) | INFO: Failed to load libnvidia-ml.so, NVIDIA GPUs will not be detected: libnvidia-ml.so.1: cannot open shared object file: No such file or directory
2024/07/07 (17:54:38) | INFO: Failed to load librocm_smi64.so, AMD GPUs will not be detected: librocm_smi64.so.6: cannot open shared object file: No such file or directory
2024/07/07 (17:54:38) | DEBUG: Shared::init() : Initialized.
2024/07/07 (17:54:38) | DEBUG: Loading theme file: /home/b33th0v3n/.config/btop/themes/catppuccin_macchiato.theme
2024/07/07 (17:55:26) | DEBUG: Writing new config file
2024/07/07 (17:55:26) | INFO: Quitting! Runtime: 00:00:48

2024/07/09 (16:30:25) | ===> btop++ v.1.3.2
2024/07/09 (16:30:25) | INFO: Logger set to DEBUG
2024/07/09 (16:30:25) | DEBUG: Using locale en_US.UTF-8
2024/07/09 (16:30:25) | INFO: Running on /dev/pts/3
2024/07/09 (16:30:25) | INFO: Failed to load libnvidia-ml.so, NVIDIA GPUs will not be detected: libnvidia-ml.so.1: cannot open shared object file: No such file or directory
2024/07/09 (16:30:25) | INFO: Failed to load librocm_smi64.so, AMD GPUs will not be detected: librocm_smi64.so.6: cannot open shared object file: No such file or directory
2024/07/09 (16:30:25) | DEBUG: Shared::init() : Initialized.
2024/07/09 (16:30:25) | DEBUG: Loading theme file: /home/b33th0v3n/.config/btop/themes/catppuccin_macchiato.theme
2024/07/09 (16:30:41) | DEBUG: Loading theme file: /nix/store/yy1hw7zq3clr9yipb1yz1p9cw0lipq9m-btop-1.3.2/share/btop/themes/horizon.theme
2024/07/09 (16:30:42) | DEBUG: Loading theme file: /home/b33th0v3n/.config/btop/themes/catppuccin_macchiato.theme
2024/07/09 (16:30:44) | DEBUG: Loading theme file: /home/b33th0v3n/.config/btop/themes/catppuccin_macchiato.theme
2024/07/09 (16:30:44) | DEBUG: Loading theme file: /nix/store/yy1hw7zq3clr9yipb1yz1p9cw0lipq9m-btop-1.3.2/share/btop/themes/horizon.theme
2024/07/09 (16:30:45) | DEBUG: Loading theme file: /home/b33th0v3n/.config/btop/themes/catppuccin_macchiato.theme
2024/07/09 (18:23:33) | DEBUG: Writing new config file
2024/07/09 (18:23:33) | INFO: Quitting! Runtime: 01:53:08

2024/07/09 (18:33:20) | ===> btop++ v.1.3.2
2024/07/09 (18:33:20) | INFO: Logger set to DEBUG
2024/07/09 (18:33:20) | DEBUG: Using locale en_US.UTF-8
2024/07/09 (18:33:20) | INFO: Running on /dev/pts/3
2024/07/09 (18:33:20) | INFO: Failed to load libnvidia-ml.so, NVIDIA GPUs will not be detected: libnvidia-ml.so.1: cannot open shared object file: No such file or directory
2024/07/09 (18:33:20) | INFO: Failed to load librocm_smi64.so, AMD GPUs will not be detected: librocm_smi64.so.6: cannot open shared object file: No such file or directory
2024/07/09 (18:33:20) | DEBUG: Shared::init() : Initialized.
2024/07/09 (18:33:20) | DEBUG: Loading theme file: /home/b33th0v3n/.config/btop/themes/catppuccin_macchiato.theme
2024/07/09 (19:44:00) | INFO: Quitting! Runtime: 01:10:40

2024/07/09 (20:11:30) | ===> btop++ v.1.3.2
2024/07/09 (20:11:30) | INFO: Logger set to DEBUG
2024/07/09 (20:11:30) | DEBUG: Using locale en_US.UTF-8
2024/07/09 (20:11:30) | INFO: Running on /dev/pts/4
2024/07/09 (20:11:30) | INFO: Failed to load libnvidia-ml.so, NVIDIA GPUs will not be detected: libnvidia-ml.so.1: cannot open shared object file: No such file or directory
2024/07/09 (20:11:30) | INFO: Failed to load librocm_smi64.so, AMD GPUs will not be detected: librocm_smi64.so.6: cannot open shared object file: No such file or directory
2024/07/09 (20:11:30) | DEBUG: Shared::init() : Initialized.
2024/07/09 (20:11:30) | DEBUG: Loading theme file: /home/b33th0v3n/.config/btop/themes/catppuccin_macchiato.theme

2024/07/10 (09:02:54) | ===> btop++ v.1.3.2
2024/07/10 (09:02:54) | INFO: Logger set to DEBUG
2024/07/10 (09:02:54) | DEBUG: Using locale en_US.UTF-8
2024/07/10 (09:02:54) | INFO: Running on /dev/pts/2
2024/07/10 (09:02:54) | INFO: Failed to load libnvidia-ml.so, NVIDIA GPUs will not be detected: libnvidia-ml.so.1: cannot open shared object file: No such file or directory
2024/07/10 (09:02:54) | INFO: Failed to load librocm_smi64.so, AMD GPUs will not be detected: librocm_smi64.so.6: cannot open shared object file: No such file or directory
2024/07/10 (09:02:54) | DEBUG: Shared::init() : Initialized.
2024/07/10 (09:02:54) | DEBUG: Loading theme file: /home/b33th0v3n/.config/btop/themes/catppuccin_macchiato.theme

2024/07/10 (09:05:27) | ===> btop++ v.1.3.2
2024/07/10 (09:05:27) | INFO: Logger set to DEBUG
2024/07/10 (09:05:27) | DEBUG: Using locale en_US.UTF-8
2024/07/10 (09:05:27) | INFO: Running on /dev/pts/2
2024/07/10 (09:05:27) | INFO: Failed to load libnvidia-ml.so, NVIDIA GPUs will not be detected: libnvidia-ml.so.1: cannot open shared object file: No such file or directory
2024/07/10 (09:05:27) | INFO: Failed to load librocm_smi64.so, AMD GPUs will not be detected: librocm_smi64.so.6: cannot open shared object file: No such file or directory
2024/07/10 (09:05:27) | DEBUG: Shared::init() : Initialized.
2024/07/10 (09:05:27) | DEBUG: Loading theme file: /home/b33th0v3n/.config/btop/themes/catppuccin_macchiato.theme

2024/08/01 (18:31:17) | ===> btop++ v.1.3.2
2024/08/01 (18:31:17) | INFO: Logger set to DEBUG
2024/08/01 (18:31:17) | DEBUG: Using locale en_US.UTF-8
2024/08/01 (18:31:17) | INFO: Running on /dev/pts/0
2024/08/01 (18:31:17) | INFO: Failed to load libnvidia-ml.so, NVIDIA GPUs will not be detected: libnvidia-ml.so.1: cannot open shared object file: No such file or directory
2024/08/01 (18:31:17) | INFO: Failed to load librocm_smi64.so, AMD GPUs will not be detected: librocm_smi64.so.6: cannot open shared object file: No such file or directory
2024/08/01 (18:31:17) | DEBUG: Shared::init() : Initialized.
2024/08/01 (18:31:17) | DEBUG: Loading theme file: /home/b33th0v3n/.config/btop/themes/catppuccin_macchiato.theme

2024/08/02 (09:51:37) | ===> btop++ v.1.3.2
2024/08/02 (09:51:37) | INFO: Logger set to DEBUG
2024/08/02 (09:51:37) | DEBUG: Using locale en_US.UTF-8
2024/08/02 (09:51:37) | INFO: Running on /dev/pts/1
2024/08/02 (09:51:37) | INFO: Failed to load libnvidia-ml.so, NVIDIA GPUs will not be detected: libnvidia-ml.so.1: cannot open shared object file: No such file or directory
2024/08/02 (09:51:37) | INFO: Failed to load librocm_smi64.so, AMD GPUs will not be detected: librocm_smi64.so.6: cannot open shared object file: No such file or directory
2024/08/02 (09:51:37) | DEBUG: Shared::init() : Initialized.
2024/08/02 (09:51:37) | DEBUG: Loading theme file: /home/b33th0v3n/.config/btop/themes/catppuccin_macchiato.theme
2024/08/02 (09:51:49) | DEBUG: Writing new config file
2024/08/02 (09:51:49) | INFO: Quitting! Runtime: 00:00:12

2024/08/02 (09:51:52) | ===> btop++ v.1.3.2
2024/08/02 (09:51:52) | INFO: Logger set to DEBUG
2024/08/02 (09:51:52) | DEBUG: Using locale en_US.UTF-8
2024/08/02 (09:51:52) | INFO: Running on /dev/pts/1
2024/08/02 (09:51:52) | INFO: Failed to load libnvidia-ml.so, NVIDIA GPUs will not be detected: libnvidia-ml.so.1: cannot open shared object file: No such file or directory
2024/08/02 (09:51:52) | INFO: Failed to load librocm_smi64.so, AMD GPUs will not be detected: librocm_smi64.so.6: cannot open shared object file: No such file or directory
2024/08/02 (09:51:52) | DEBUG: Shared::init() : Initialized.
2024/08/02 (09:51:52) | DEBUG: Loading theme file: /home/b33th0v3n/.config/btop/themes/catppuccin_macchiato.theme

2024/08/11 (21:07:34) | ===> btop++ v.1.3.2
2024/08/11 (21:07:34) | INFO: Logger set to DEBUG
2024/08/11 (21:07:34) | DEBUG: Using locale en_US.UTF-8
2024/08/11 (21:07:34) | INFO: Running on /dev/pts/1
2024/08/11 (21:07:34) | INFO: Failed to load libnvidia-ml.so, NVIDIA GPUs will not be detected: libnvidia-ml.so.1: cannot open shared object file: No such file or directory
2024/08/11 (21:07:34) | INFO: Failed to load librocm_smi64.so, AMD GPUs will not be detected: librocm_smi64.so.6: cannot open shared object file: No such file or directory
2024/08/11 (21:07:34) | DEBUG: Shared::init() : Initialized.
2024/08/11 (21:07:34) | DEBUG: Loading theme file: /home/b33th0v3n/.config/btop/themes/catppuccin_macchiato.theme

2024/08/21 (08:41:53) | ===> btop++ v.1.3.2
2024/08/21 (08:41:53) | INFO: Logger set to DEBUG
2024/08/21 (08:41:53) | DEBUG: Using locale en_US.UTF-8
2024/08/21 (08:41:53) | INFO: Running on /dev/pts/1
2024/08/21 (08:41:53) | INFO: Failed to load libnvidia-ml.so, NVIDIA GPUs will not be detected: libnvidia-ml.so.1: cannot open shared object file: No such file or directory
2024/08/21 (08:41:53) | INFO: Failed to load librocm_smi64.so, AMD GPUs will not be detected: librocm_smi64.so.6: cannot open shared object file: No such file or directory
2024/08/21 (08:41:53) | DEBUG: Shared::init() : Initialized.
2024/08/21 (08:41:53) | DEBUG: Loading theme file: /home/b33th0v3n/.config/btop/themes/catppuccin_macchiato.theme

2024/08/21 (08:47:46) | ===> btop++ v.1.3.2
2024/08/21 (08:47:46) | INFO: Logger set to DEBUG
2024/08/21 (08:47:46) | DEBUG: Using locale en_US.UTF-8
2024/08/21 (08:47:46) | INFO: Running on /dev/pts/1
2024/08/21 (08:47:46) | INFO: Failed to load libnvidia-ml.so, NVIDIA GPUs will not be detected: libnvidia-ml.so.1: cannot open shared object file: No such file or directory
2024/08/21 (08:47:46) | INFO: Failed to load librocm_smi64.so, AMD GPUs will not be detected: librocm_smi64.so.6: cannot open shared object file: No such file or directory
2024/08/21 (08:47:46) | DEBUG: Shared::init() : Initialized.
2024/08/21 (08:47:46) | DEBUG: Loading theme file: /home/b33th0v3n/.config/btop/themes/catppuccin_macchiato.theme
2024/08/21 (08:48:31) | INFO: Quitting! Runtime: 00:00:45

2024/09/05 (18:17:37) | ===> btop++ v.1.3.2
2024/09/05 (18:17:37) | INFO: Logger set to DEBUG
2024/09/05 (18:17:37) | DEBUG: Using locale en_US.UTF-8
2024/09/05 (18:17:37) | INFO: Running on /dev/pts/0
2024/09/05 (18:17:37) | INFO: Failed to load libnvidia-ml.so, NVIDIA GPUs will not be detected: libnvidia-ml.so.1: cannot open shared object file: No such file or directory
2024/09/05 (18:17:37) | INFO: Failed to load librocm_smi64.so, AMD GPUs will not be detected: librocm_smi64.so.6: cannot open shared object file: No such file or directory
2024/09/05 (18:17:37) | DEBUG: Shared::init() : Initialized.
2024/09/05 (18:17:37) | DEBUG: Loading theme file: /home/b33th0v3n/.config/btop/themes/catppuccin_macchiato.theme
